loading states=/private/tmp/ml_l2_dagger_branches_20260515_001200/mlp/iter00/combined/combined_states.csv labels=/private/tmp/ml_l2_dagger_branches_20260515_001200/mlp/iter00/combined/combined_labels.npz torch_threads=1
built samples=10057407 rows=559019 train_rows=475166 val_rows=83853
sampled max_samples=4000000
epoch=0 batch=1/489 samples=8192/4000000 loss=0.487551 elapsed_s=1.3
epoch=0 batch=200/489 samples=1638400/4000000 loss=0.170117 elapsed_s=23.3
epoch=0 batch=400/489 samples=3276800/4000000 loss=0.130688 elapsed_s=44.8
epoch=0 batch=489/489 samples=4000000/4000000 loss=0.122780 elapsed_s=54.5
epoch=0 loss=0.122780
val epoch=0 pos_rows=66715 base=0.0737 top1_hit=0.5725 top4_hit=0.7850 top4_wrecall=0.6165 top4_precision=0.4118
epoch=1 batch=1/489 samples=8192/4000000 loss=0.083602 elapsed_s=1.3
epoch=1 batch=200/489 samples=1638400/4000000 loss=0.085108 elapsed_s=22.5
epoch=1 batch=400/489 samples=3276800/4000000 loss=0.084391 elapsed_s=43.6
epoch=1 batch=489/489 samples=4000000/4000000 loss=0.084168 elapsed_s=52.9
epoch=1 loss=0.084168
val epoch=1 pos_rows=66715 base=0.0737 top1_hit=0.6062 top4_hit=0.8150 top4_wrecall=0.6493 top4_precision=0.4293
epoch=2 batch=1/489 samples=8192/4000000 loss=0.083626 elapsed_s=1.3
epoch=2 batch=200/489 samples=1638400/4000000 loss=0.081697 elapsed_s=22.1
epoch=2 batch=400/489 samples=3276800/4000000 loss=0.080931 elapsed_s=42.9
epoch=2 batch=489/489 samples=4000000/4000000 loss=0.080638 elapsed_s=52.1
epoch=2 loss=0.080638
val epoch=2 pos_rows=66715 base=0.0737 top1_hit=0.6353 top4_hit=0.8171 top4_wrecall=0.6582 top4_precision=0.4387
epoch=3 batch=1/489 samples=8192/4000000 loss=0.076233 elapsed_s=1.3
epoch=3 batch=200/489 samples=1638400/4000000 loss=0.078618 elapsed_s=22.0
epoch=3 batch=400/489 samples=3276800/4000000 loss=0.078077 elapsed_s=42.8
epoch=3 batch=489/489 samples=4000000/4000000 loss=0.077945 elapsed_s=52.1
epoch=3 loss=0.077945
val epoch=3 pos_rows=66715 base=0.0737 top1_hit=0.6381 top4_hit=0.8196 top4_wrecall=0.6634 top4_precision=0.4439
epoch=4 batch=1/489 samples=8192/4000000 loss=0.079390 elapsed_s=1.3
epoch=4 batch=200/489 samples=1638400/4000000 loss=0.076405 elapsed_s=22.1
epoch=4 batch=400/489 samples=3276800/4000000 loss=0.076114 elapsed_s=42.7
epoch=4 batch=489/489 samples=4000000/4000000 loss=0.076129 elapsed_s=52.0
epoch=4 loss=0.076129
val epoch=4 pos_rows=66715 base=0.0737 top1_hit=0.6392 top4_hit=0.8224 top4_wrecall=0.6683 top4_precision=0.4491
epoch=5 batch=1/489 samples=8192/4000000 loss=0.078050 elapsed_s=1.3
epoch=5 batch=200/489 samples=1638400/4000000 loss=0.075313 elapsed_s=22.1
epoch=5 batch=400/489 samples=3276800/4000000 loss=0.075072 elapsed_s=43.4
epoch=5 batch=489/489 samples=4000000/4000000 loss=0.074953 elapsed_s=52.5
epoch=5 loss=0.074953
val epoch=5 pos_rows=66715 base=0.0737 top1_hit=0.6411 top4_hit=0.8230 top4_wrecall=0.6695 top4_precision=0.4494
epoch=6 batch=1/489 samples=8192/4000000 loss=0.074078 elapsed_s=1.3
epoch=6 batch=200/489 samples=1638400/4000000 loss=0.074842 elapsed_s=22.2
epoch=6 batch=400/489 samples=3276800/4000000 loss=0.074186 elapsed_s=43.1
epoch=6 batch=489/489 samples=4000000/4000000 loss=0.074145 elapsed_s=52.1
epoch=6 loss=0.074145
val epoch=6 pos_rows=66715 base=0.0737 top1_hit=0.6399 top4_hit=0.8202 top4_wrecall=0.6691 top4_precision=0.4496
epoch=7 batch=1/489 samples=8192/4000000 loss=0.072510 elapsed_s=1.2
epoch=7 batch=200/489 samples=1638400/4000000 loss=0.073691 elapsed_s=22.2
epoch=7 batch=400/489 samples=3276800/4000000 loss=0.073711 elapsed_s=43.3
epoch=7 batch=489/489 samples=4000000/4000000 loss=0.073559 elapsed_s=52.5
epoch=7 loss=0.073559
val epoch=7 pos_rows=66715 base=0.0737 top1_hit=0.6360 top4_hit=0.8147 top4_wrecall=0.6655 top4_precision=0.4477
epoch=8 batch=1/489 samples=8192/4000000 loss=0.070406 elapsed_s=1.3
epoch=8 batch=200/489 samples=1638400/4000000 loss=0.073327 elapsed_s=23.3
epoch=8 batch=400/489 samples=3276800/4000000 loss=0.073093 elapsed_s=45.1
epoch=8 batch=489/489 samples=4000000/4000000 loss=0.073079 elapsed_s=54.7
epoch=8 loss=0.073079
val epoch=8 pos_rows=66715 base=0.0737 top1_hit=0.6293 top4_hit=0.8144 top4_wrecall=0.6642 top4_precision=0.4475
epoch=9 batch=1/489 samples=8192/4000000 loss=0.074111 elapsed_s=1.4
epoch=9 batch=200/489 samples=1638400/4000000 loss=0.073260 elapsed_s=23.2
epoch=9 batch=400/489 samples=3276800/4000000 loss=0.072826 elapsed_s=45.4
epoch=9 batch=489/489 samples=4000000/4000000 loss=0.072659 elapsed_s=54.9
epoch=9 loss=0.072659
val epoch=9 pos_rows=66715 base=0.0737 top1_hit=0.6349 top4_hit=0.8163 top4_wrecall=0.6650 top4_precision=0.4472
epoch=10 batch=1/489 samples=8192/4000000 loss=0.071685 elapsed_s=1.3
epoch=10 batch=200/489 samples=1638400/4000000 loss=0.072327 elapsed_s=24.0
epoch=10 batch=400/489 samples=3276800/4000000 loss=0.072448 elapsed_s=46.4
epoch=10 batch=489/489 samples=4000000/4000000 loss=0.072310 elapsed_s=57.1
epoch=10 loss=0.072310
val epoch=10 pos_rows=66715 base=0.0737 top1_hit=0.6326 top4_hit=0.8146 top4_wrecall=0.6633 top4_precision=0.4468
early_stop epoch=10 best_epoch=5 best_top4_wrecall=0.669523
selected best_epoch=5 best_top4_wrecall=0.669523
saved /private/tmp/ml_l2_dagger_branches_20260515_001200/mlp/iter00/models/mlp/candidate_mlp.pt
total_elapsed_s=793.4
