loading rows=559007 train_rows=447206 val_rows=111801
train_samples=8190816 max_samples=2000000
built_train_features=200000/2000000
built_train_features=400000/2000000
built_train_features=600000/2000000
built_train_features=800000/2000000
built_train_features=1000000/2000000
built_train_features=1200000/2000000
built_train_features=1400000/2000000
built_train_features=1600000/2000000
built_train_features=1800000/2000000
built_train_features=2000000/2000000
fit x=(2000000, 37) positives=276772 threads=11
saved /private/tmp/ml_l2_dagger_branches_20260515_001200/mlp/iter02/models/lgbm/candidate_lgbm.joblib
exported /private/tmp/ml_l2_dagger_branches_20260515_001200/mlp/iter02/models/lgbm/ml_l2_lgbm_weights_candidate.h
evaluated_positive_rows=20000/87464
evaluated_positive_rows=40000/87464
evaluated_positive_rows=60000/87464
evaluated_positive_rows=80000/87464
val pos_rows=87464 base=0.0737 top1_hit=0.3848 top4_hit=0.7024 top4_wrecall=0.4940 top4_precision=0.3258
total_elapsed_s=96.8
