loading states=/private/tmp/ml_l2_dagger_branches_20260515_001200/mlp/iter03/combined/combined_states.csv labels=/private/tmp/ml_l2_dagger_branches_20260515_001200/mlp/iter03/combined/combined_labels.npz torch_threads=1
built samples=8657171 rows=559007 train_rows=475156 val_rows=83851
sampled max_samples=4000000
warm_started checkpoint=/private/tmp/ml_l2_dagger_branches_20260515_001200/mlp/iter02/models/mlp/candidate_mlp.pt
epoch=0 batch=1/489 samples=8192/4000000 loss=0.143560 elapsed_s=1.1
epoch=0 batch=200/489 samples=1638400/4000000 loss=0.121006 elapsed_s=22.3
epoch=0 batch=400/489 samples=3276800/4000000 loss=0.120087 elapsed_s=43.7
epoch=0 batch=489/489 samples=4000000/4000000 loss=0.119763 elapsed_s=53.2
epoch=0 loss=0.119763
val epoch=0 pos_rows=49383 base=0.0550 top1_hit=0.4031 top4_hit=0.6297 top4_wrecall=0.4448 top4_precision=0.2694
epoch=1 batch=1/489 samples=8192/4000000 loss=0.115740 elapsed_s=1.2
epoch=1 batch=200/489 samples=1638400/4000000 loss=0.118118 elapsed_s=22.4
epoch=1 batch=400/489 samples=3276800/4000000 loss=0.118197 elapsed_s=43.8
epoch=1 batch=489/489 samples=4000000/4000000 loss=0.118096 elapsed_s=53.3
epoch=1 loss=0.118096
val epoch=1 pos_rows=49383 base=0.0550 top1_hit=0.4035 top4_hit=0.6375 top4_wrecall=0.4522 top4_precision=0.2707
epoch=2 batch=1/489 samples=8192/4000000 loss=0.117938 elapsed_s=1.2
epoch=2 batch=200/489 samples=1638400/4000000 loss=0.117655 elapsed_s=22.6
epoch=2 batch=400/489 samples=3276800/4000000 loss=0.117416 elapsed_s=43.9
epoch=2 batch=489/489 samples=4000000/4000000 loss=0.117322 elapsed_s=53.3
epoch=2 loss=0.117322
val epoch=2 pos_rows=49383 base=0.0550 top1_hit=0.4147 top4_hit=0.6328 top4_wrecall=0.4490 top4_precision=0.2701
epoch=3 batch=1/489 samples=8192/4000000 loss=0.115790 elapsed_s=1.2
epoch=3 batch=200/489 samples=1638400/4000000 loss=0.117000 elapsed_s=22.9
epoch=3 batch=400/489 samples=3276800/4000000 loss=0.116663 elapsed_s=44.3
epoch=3 batch=489/489 samples=4000000/4000000 loss=0.116690 elapsed_s=53.8
epoch=3 loss=0.116690
val epoch=3 pos_rows=49383 base=0.0550 top1_hit=0.4112 top4_hit=0.6398 top4_wrecall=0.4535 top4_precision=0.2714
epoch=4 batch=1/489 samples=8192/4000000 loss=0.119910 elapsed_s=1.2
epoch=4 batch=200/489 samples=1638400/4000000 loss=0.116468 elapsed_s=22.7
epoch=4 batch=400/489 samples=3276800/4000000 loss=0.116307 elapsed_s=44.0
epoch=4 batch=489/489 samples=4000000/4000000 loss=0.116194 elapsed_s=53.5
epoch=4 loss=0.116194
val epoch=4 pos_rows=49383 base=0.0550 top1_hit=0.4092 top4_hit=0.6302 top4_wrecall=0.4466 top4_precision=0.2678
epoch=5 batch=1/489 samples=8192/4000000 loss=0.117867 elapsed_s=1.2
epoch=5 batch=200/489 samples=1638400/4000000 loss=0.115553 elapsed_s=22.7
epoch=5 batch=400/489 samples=3276800/4000000 loss=0.115759 elapsed_s=44.6
epoch=5 batch=489/489 samples=4000000/4000000 loss=0.115736 elapsed_s=54.0
epoch=5 loss=0.115736
val epoch=5 pos_rows=49383 base=0.0550 top1_hit=0.4101 top4_hit=0.6318 top4_wrecall=0.4494 top4_precision=0.2692
epoch=6 batch=1/489 samples=8192/4000000 loss=0.114997 elapsed_s=1.2
epoch=6 batch=200/489 samples=1638400/4000000 loss=0.115701 elapsed_s=22.7
epoch=6 batch=400/489 samples=3276800/4000000 loss=0.115519 elapsed_s=44.1
epoch=6 batch=489/489 samples=4000000/4000000 loss=0.115362 elapsed_s=53.4
epoch=6 loss=0.115362
val epoch=6 pos_rows=49383 base=0.0550 top1_hit=0.4119 top4_hit=0.6304 top4_wrecall=0.4483 top4_precision=0.2687
epoch=7 batch=1/489 samples=8192/4000000 loss=0.121792 elapsed_s=1.2
epoch=7 batch=200/489 samples=1638400/4000000 loss=0.115152 elapsed_s=22.6
epoch=7 batch=400/489 samples=3276800/4000000 loss=0.115038 elapsed_s=44.3
epoch=7 batch=489/489 samples=4000000/4000000 loss=0.115017 elapsed_s=53.7
epoch=7 loss=0.115017
val epoch=7 pos_rows=49383 base=0.0550 top1_hit=0.4078 top4_hit=0.6285 top4_wrecall=0.4471 top4_precision=0.2676
epoch=8 batch=1/489 samples=8192/4000000 loss=0.115882 elapsed_s=1.3
epoch=8 batch=200/489 samples=1638400/4000000 loss=0.114862 elapsed_s=22.6
epoch=8 batch=400/489 samples=3276800/4000000 loss=0.114916 elapsed_s=44.1
epoch=8 batch=489/489 samples=4000000/4000000 loss=0.114700 elapsed_s=53.6
epoch=8 loss=0.114700
val epoch=8 pos_rows=49383 base=0.0550 top1_hit=0.4098 top4_hit=0.6254 top4_wrecall=0.4447 top4_precision=0.2664
early_stop epoch=8 best_epoch=3 best_top4_wrecall=0.453532
selected best_epoch=3 best_top4_wrecall=0.453532
saved /private/tmp/ml_l2_dagger_branches_20260515_001200/mlp/iter03/models/mlp/candidate_mlp.pt
total_elapsed_s=625.8
