loading rows=558991 train_rows=447193 val_rows=111798
train_samples=7991515 max_samples=2000000
built_train_features=200000/2000000
built_train_features=400000/2000000
built_train_features=600000/2000000
built_train_features=800000/2000000
built_train_features=1000000/2000000
built_train_features=1200000/2000000
built_train_features=1400000/2000000
built_train_features=1600000/2000000
built_train_features=1800000/2000000
built_train_features=2000000/2000000
fit x=(2000000, 37) positives=284313 threads=11
saved /private/tmp/ml_l2_dagger_branches_20260515_001200/mlp/iter04/models/lgbm/candidate_lgbm.joblib
exported /private/tmp/ml_l2_dagger_branches_20260515_001200/mlp/iter04/models/lgbm/ml_l2_lgbm_weights_candidate.h
evaluated_positive_rows=20000/64028
evaluated_positive_rows=40000/64028
evaluated_positive_rows=60000/64028
val pos_rows=64028 base=0.0631 top1_hit=0.3696 top4_hit=0.6459 top4_wrecall=0.4623 top4_precision=0.2963
total_elapsed_s=108.0
