loading states=/private/tmp/ml_l2_dagger_branches_20260515_001200/mlp/iter04/combined/combined_states.csv labels=/private/tmp/ml_l2_dagger_branches_20260515_001200/mlp/iter04/combined/combined_labels.npz torch_threads=1
built samples=8434969 rows=558991 train_rows=475142 val_rows=83849
sampled max_samples=4000000
warm_started checkpoint=/private/tmp/ml_l2_dagger_branches_20260515_001200/mlp/iter03/models/mlp/candidate_mlp.pt
epoch=0 batch=1/489 samples=8192/4000000 loss=0.136746 elapsed_s=1.2
epoch=0 batch=200/489 samples=1638400/4000000 loss=0.125421 elapsed_s=22.2
epoch=0 batch=400/489 samples=3276800/4000000 loss=0.124672 elapsed_s=43.4
epoch=0 batch=489/489 samples=4000000/4000000 loss=0.124499 elapsed_s=52.8
epoch=0 loss=0.124499
val epoch=0 pos_rows=45383 base=0.0538 top1_hit=0.3911 top4_hit=0.5932 top4_wrecall=0.4386 top4_precision=0.2619
epoch=1 batch=1/489 samples=8192/4000000 loss=0.124891 elapsed_s=1.3
epoch=1 batch=200/489 samples=1638400/4000000 loss=0.123341 elapsed_s=22.2
epoch=1 batch=400/489 samples=3276800/4000000 loss=0.123042 elapsed_s=43.5
epoch=1 batch=489/489 samples=4000000/4000000 loss=0.122938 elapsed_s=52.9
epoch=1 loss=0.122938
val epoch=1 pos_rows=45383 base=0.0538 top1_hit=0.3932 top4_hit=0.5936 top4_wrecall=0.4393 top4_precision=0.2622
epoch=2 batch=1/489 samples=8192/4000000 loss=0.118171 elapsed_s=1.3
epoch=2 batch=200/489 samples=1638400/4000000 loss=0.122304 elapsed_s=22.6
epoch=2 batch=400/489 samples=3276800/4000000 loss=0.122387 elapsed_s=43.8
epoch=2 batch=489/489 samples=4000000/4000000 loss=0.122300 elapsed_s=53.3
epoch=2 loss=0.122300
val epoch=2 pos_rows=45383 base=0.0538 top1_hit=0.3906 top4_hit=0.6062 top4_wrecall=0.4520 top4_precision=0.2653
epoch=3 batch=1/489 samples=8192/4000000 loss=0.126532 elapsed_s=1.3
epoch=3 batch=200/489 samples=1638400/4000000 loss=0.121429 elapsed_s=22.5
epoch=3 batch=400/489 samples=3276800/4000000 loss=0.121596 elapsed_s=43.7
epoch=3 batch=489/489 samples=4000000/4000000 loss=0.121735 elapsed_s=53.1
epoch=3 loss=0.121735
val epoch=3 pos_rows=45383 base=0.0538 top1_hit=0.3947 top4_hit=0.5986 top4_wrecall=0.4435 top4_precision=0.2644
epoch=4 batch=1/489 samples=8192/4000000 loss=0.119350 elapsed_s=1.3
epoch=4 batch=200/489 samples=1638400/4000000 loss=0.121473 elapsed_s=22.7
epoch=4 batch=400/489 samples=3276800/4000000 loss=0.121433 elapsed_s=47.2
epoch=4 batch=489/489 samples=4000000/4000000 loss=0.121335 elapsed_s=58.6
epoch=4 loss=0.121335
val epoch=4 pos_rows=45383 base=0.0538 top1_hit=0.3937 top4_hit=0.5993 top4_wrecall=0.4446 top4_precision=0.2648
epoch=5 batch=1/489 samples=8192/4000000 loss=0.116444 elapsed_s=1.6
epoch=5 batch=200/489 samples=1638400/4000000 loss=0.121153 elapsed_s=27.1
epoch=5 batch=400/489 samples=3276800/4000000 loss=0.120989 elapsed_s=52.2
epoch=5 batch=489/489 samples=4000000/4000000 loss=0.120944 elapsed_s=63.1
epoch=5 loss=0.120944
val epoch=5 pos_rows=45383 base=0.0538 top1_hit=0.3854 top4_hit=0.5959 top4_wrecall=0.4420 top4_precision=0.2633
epoch=6 batch=1/489 samples=8192/4000000 loss=0.127987 elapsed_s=1.6
epoch=6 batch=200/489 samples=1638400/4000000 loss=0.120665 elapsed_s=26.4
epoch=6 batch=400/489 samples=3276800/4000000 loss=0.120614 elapsed_s=51.5
epoch=6 batch=489/489 samples=4000000/4000000 loss=0.120602 elapsed_s=62.5
epoch=6 loss=0.120602
val epoch=6 pos_rows=45383 base=0.0538 top1_hit=0.3780 top4_hit=0.5930 top4_wrecall=0.4390 top4_precision=0.2618
epoch=7 batch=1/489 samples=8192/4000000 loss=0.123115 elapsed_s=1.5
epoch=7 batch=200/489 samples=1638400/4000000 loss=0.120415 elapsed_s=26.6
epoch=7 batch=400/489 samples=3276800/4000000 loss=0.120276 elapsed_s=51.6
epoch=7 batch=489/489 samples=4000000/4000000 loss=0.120273 elapsed_s=62.4
epoch=7 loss=0.120273
val epoch=7 pos_rows=45383 base=0.0538 top1_hit=0.3805 top4_hit=0.5941 top4_wrecall=0.4399 top4_precision=0.2625
early_stop epoch=7 best_epoch=2 best_top4_wrecall=0.451994
selected best_epoch=2 best_top4_wrecall=0.451994
saved /private/tmp/ml_l2_dagger_branches_20260515_001200/mlp/iter04/models/mlp/candidate_mlp.pt
total_elapsed_s=586.9
