loading rows=559007 train_rows=447206 val_rows=111801
train_samples=8211662 max_samples=2000000
built_train_features=200000/2000000
built_train_features=400000/2000000
built_train_features=600000/2000000
built_train_features=800000/2000000
built_train_features=1000000/2000000
built_train_features=1200000/2000000
built_train_features=1400000/2000000
built_train_features=1600000/2000000
built_train_features=1800000/2000000
built_train_features=2000000/2000000
fit x=(2000000, 37) positives=278098 threads=11
saved /private/tmp/ml_l2_dagger_branches_20260515_001200/mlp/iter03/models/lgbm/candidate_lgbm.joblib
exported /private/tmp/ml_l2_dagger_branches_20260515_001200/mlp/iter03/models/lgbm/ml_l2_lgbm_weights_candidate.h
evaluated_positive_rows=20000/68812
evaluated_positive_rows=40000/68812
evaluated_positive_rows=60000/68812
val pos_rows=68812 base=0.0640 top1_hit=0.3643 top4_hit=0.6559 top4_wrecall=0.4609 top4_precision=0.2976
total_elapsed_s=88.4
